2026-02-09 12:55:04,020 - INFO - Initializing knowledge base...
2026-02-09 12:55:04,020 - INFO - Loading existing index from disk...
2026-02-09 12:55:09,171 - INFO - Loading all indices.
2026-02-09 12:55:09,263 - INFO - --- STARTING AUDIT: faf44c71 ---
2026-02-09 12:55:09,461 - INFO - HTTP Request: POST http://localhost:11434/api/chat "HTTP/1.1 200 OK"
2026-02-09 12:55:09,902 - INFO - --- 🧠 SUPERVISOR PLAN ---
2026-02-09 12:55:09,902 - INFO - Query Breakdown: search_query='8518.30 Headphones and earphones wireless transmission voltage regulation'
2026-02-09 12:55:09,902 - INFO - Supervisor Plan generated: search_query='8518.30 Headphones and earphones wireless transmission voltage regulation'
2026-02-09 12:55:15,137 - INFO - Loading all indices.
2026-02-09 12:55:15,213 - INFO - HTTP Request: POST http://localhost:11434/api/show "HTTP/1.1 200 OK"
2026-02-09 12:55:16,025 - INFO - HTTP Request: POST http://localhost:11434/api/embed "HTTP/1.1 200 OK"
2026-02-09 12:55:30,127 - INFO - HTTP Request: POST http://localhost:11434/api/chat "HTTP/1.1 200 OK"
2026-02-09 12:55:31,784 - INFO - HTTP Request: POST http://localhost:11434/api/chat "HTTP/1.1 200 OK"
2026-02-09 12:55:38,417 - INFO - HTTP Request: POST http://localhost:11434/api/chat "HTTP/1.1 200 OK"
2026-02-09 12:55:40,850 - INFO - HTTP Request: POST http://localhost:11434/api/chat "HTTP/1.1 200 OK"
2026-02-09 12:55:43,299 - INFO - HTTP Request: POST http://localhost:11434/api/chat "HTTP/1.1 200 OK"
2026-02-09 12:55:46,066 - INFO - HTTP Request: POST http://localhost:11434/api/chat "HTTP/1.1 200 OK"
2026-02-09 12:55:47,046 - WARNING - ❌ DeepEval FAILED: 0.6
2026-02-09 12:55:47,046 - INFO - 🔄 RECURSIVE SEARCH: Auditor rejected findings. Attempt: 1
2026-02-09 12:55:47,047 - INFO - ⏩ Local mode: skipping cooldown.
2026-02-09 12:55:47,245 - INFO - HTTP Request: POST http://localhost:11434/api/chat "HTTP/1.1 200 OK"
2026-02-09 12:55:47,669 - INFO - --- 🧠 SUPERVISOR PLAN ---
2026-02-09 12:55:47,669 - INFO - Query Breakdown: search_query='8518.30 Headphones and earphones wireless transmission voltage regulation'
2026-02-09 12:55:47,669 - INFO - Supervisor Plan generated: search_query='8518.30 Headphones and earphones wireless transmission voltage regulation'
2026-02-09 12:55:52,755 - INFO - Loading all indices.
2026-02-09 12:55:53,560 - INFO - HTTP Request: POST http://localhost:11434/api/embed "HTTP/1.1 200 OK"
2026-02-09 12:56:09,999 - INFO - HTTP Request: POST http://localhost:11434/api/chat "HTTP/1.1 200 OK"
2026-02-09 12:56:11,739 - INFO - HTTP Request: POST http://localhost:11434/api/chat "HTTP/1.1 200 OK"
2026-02-09 12:56:18,265 - INFO - HTTP Request: POST http://localhost:11434/api/chat "HTTP/1.1 200 OK"
2026-02-09 12:56:20,062 - INFO - HTTP Request: POST http://localhost:11434/api/chat "HTTP/1.1 200 OK"
2026-02-09 12:56:22,972 - INFO - HTTP Request: POST http://localhost:11434/api/chat "HTTP/1.1 200 OK"
2026-02-09 12:56:25,207 - INFO - HTTP Request: POST http://localhost:11434/api/chat "HTTP/1.1 200 OK"
2026-02-09 12:56:26,319 - WARNING - ❌ DeepEval FAILED: 0.6666666666666666
2026-02-09 12:56:26,319 - INFO - 🔄 RECURSIVE SEARCH: Auditor rejected findings. Attempt: 2
2026-02-09 12:56:26,319 - INFO - ⏩ Local mode: skipping cooldown.
2026-02-09 12:56:26,531 - INFO - HTTP Request: POST http://localhost:11434/api/chat "HTTP/1.1 200 OK"
2026-02-09 12:56:26,815 - INFO - --- 🧠 SUPERVISOR PLAN ---
2026-02-09 12:56:26,815 - INFO - Query Breakdown: search_query='Wireless headphones audio transmission'
2026-02-09 12:56:26,815 - INFO - Supervisor Plan generated: search_query='Wireless headphones audio transmission'
2026-02-09 12:56:32,187 - INFO - Loading all indices.
2026-02-09 12:56:33,032 - INFO - HTTP Request: POST http://localhost:11434/api/embed "HTTP/1.1 200 OK"
2026-02-09 12:56:59,133 - INFO - HTTP Request: POST http://localhost:11434/api/chat "HTTP/1.1 200 OK"
2026-02-09 12:57:00,786 - INFO - HTTP Request: POST http://localhost:11434/api/chat "HTTP/1.1 200 OK"
2026-02-09 12:57:14,112 - INFO - HTTP Request: POST http://localhost:11434/api/chat "HTTP/1.1 200 OK"
2026-02-09 12:57:17,656 - INFO - HTTP Request: POST http://localhost:11434/api/chat "HTTP/1.1 200 OK"
2026-02-09 12:57:24,802 - INFO - HTTP Request: POST http://localhost:11434/api/chat "HTTP/1.1 200 OK"
2026-02-09 12:57:30,178 - INFO - HTTP Request: POST http://localhost:11434/api/chat "HTTP/1.1 200 OK"
2026-02-09 12:57:31,458 - WARNING - ❌ DeepEval FAILED: 0.5
2026-02-09 12:57:31,458 - INFO - ✅ FINALIZING: Moving to Aggregator node.
2026-02-09 12:57:31,467 - INFO - Aggregator: extracted HS code '8517.79.21' (most common across 7 attempts)
2026-02-09 12:57:31,686 - INFO - HTTP Request: POST http://localhost:11434/api/chat "HTTP/1.1 200 OK"
2026-02-09 12:57:33,559 - INFO - 
2026-02-09 12:57:33,559 - INFO - 🚀 ADATA ASSESSMENT BENCHMARK REPORT
2026-02-09 12:57:33,560 - INFO - ------------------------------------
2026-02-09 12:57:33,560 - INFO - QUERY: wireless headphone
2026-02-09 12:57:33,560 - INFO - HS-CODE: Here's the output based on the provided evidence:
2026-02-09 12:57:33,560 - INFO - 
2026-02-09 12:57:33,560 - INFO - **HS Code**: 8517.79.21
2026-02-09 12:57:33,560 - INFO - **Product Name**: Wireless headphones (audio transmission)
2026-02-09 12:57:33,560 - INFO - **Legal Justification**: The code **8517.79.21** specifically classifies wireless audio transmission devices, which includes the core product noun "headphones" with wireless functionality.
2026-02-09 12:57:33,560 - INFO - **Subset Rule:** This 8-digit code describes the *Core Product Noun* ("Wireless Headphones") but lacks the User's *Adjective* (no), so we apply it as is.
2026-02-09 12:57:33,560 - INFO - 
2026-02-09 12:57:33,560 - INFO - Since an **8-digit code was chosen**:
2026-02-09 12:57:33,560 - INFO - 
2026-02-09 12:57:33,560 - INFO - - Specificity Analysis: The code **8517.79.21** specifically classifies wireless audio transmission devices, which matches the core product noun "headphones" with wireless functionality. The evidence explicitly states that this code covers such devices.
2026-02-09 12:57:33,560 - INFO - - Confidence: HIGH (exact 8-digit code matches core product)
2026-02-09 12:57:33,560 - INFO - 
2026-02-09 12:57:33,560 - INFO - No 6-digit code was necessary as an exact matching 8-digit code was found.
2026-02-09 12:57:33,560 - INFO - CONFIDENCE: HIGH
2026-02-09 12:57:33,560 - INFO - 
2026-02-09 12:57:33,560 - INFO - PARETO FRONTIER:
2026-02-09 12:57:33,560 - INFO - - Accuracy (Faithfulness): 0.50
2026-02-09 12:57:33,560 - INFO - - Latency: 149.54s (Target: <60s)
2026-02-09 12:57:33,560 - INFO - - Token Cost: $0.000961
2026-02-09 12:57:33,560 - INFO - ------------------------------------
